#
# There is insufficient memory for the Java Runtime Environment to continue.
# Native memory allocation (malloc) failed to allocate 418096 bytes for Chunk::new
# Possible reasons:
#   The system is out of physical RAM or swap space
#   In 32 bit mode, the process size limit was hit
# Possible solutions:
#   Reduce memory load on the system
#   Increase physical memory or swap space
#   Check if swap backing store is full
#   Use 64 bit Java on a 64 bit OS
#   Decrease Java heap size (-Xmx/-Xms)
#   Decrease number of Java threads
#   Decrease Java thread stack sizes (-Xss)
#   Set larger code cache with -XX:ReservedCodeCacheSize=
# This output file may be truncated or incomplete.
#
#  Out of Memory Error (allocation.cpp:390), pid=11996, tid=0x00000000000012f8
#
# JRE version: Java(TM) SE Runtime Environment (8.0_131-b11) (build 1.8.0_131-b11)
# Java VM: Java HotSpot(TM) 64-Bit Server VM (25.131-b11 mixed mode windows-amd64 compressed oops)
# Failed to write core dump. Minidumps are not enabled by default on client versions of Windows
#

---------------  T H R E A D  ---------------

Current thread (0x0000000054d65800):  JavaThread "C2 CompilerThread0" daemon [_thread_in_native, id=4856, stack(0x0000000056250000,0x0000000056350000)]

Stack: [0x0000000056250000,0x0000000056350000]
[error occurred during error reporting (printing stack bounds), id 0xc0000005]

Native frames: (J=compiled Java code, j=interpreted, Vv=VM code, C=native code)


Current CompileTask:
C2:   3147  981       4       java.io.WinNTFileSystem::normalize (143 bytes)


---------------  P R O C E S S  ---------------

Java Threads: ( => current thread )
  0x000000005787c800 JavaThread "Thread-2" daemon [_thread_in_native, id=12064, stack(0x0000000058180000,0x0000000058280000)]
  0x000000005670e800 JavaThread "JavaFX Application Thread" [_thread_in_native, id=11712, stack(0x0000000057770000,0x0000000057870000)]
  0x0000000056736800 JavaThread "Thread-1" daemon [_thread_blocked, id=10456, stack(0x00000000575e0000,0x00000000576e0000)]
  0x00000000566f3000 JavaThread "QuantumRenderer-0" daemon [_thread_blocked, id=11576, stack(0x0000000056b90000,0x0000000056c90000)]
  0x00000000563ba000 JavaThread "Service Thread" daemon [_thread_blocked, id=10796, stack(0x00000000567c0000,0x00000000568c0000)]
  0x00000000563a5800 JavaThread "C1 CompilerThread2" daemon [_thread_blocked, id=12236, stack(0x0000000055d70000,0x0000000055e70000)]
  0x0000000056352000 JavaThread "C2 CompilerThread1" daemon [_thread_blocked, id=11748, stack(0x0000000056150000,0x0000000056250000)]
=>0x0000000054d65800 JavaThread "C2 CompilerThread0" daemon [_thread_in_native, id=4856, stack(0x0000000056250000,0x0000000056350000)]
  0x0000000054d62000 JavaThread "Attach Listener" daemon [_thread_blocked, id=12140, stack(0x0000000055fc0000,0x00000000560c0000)]
  0x0000000054d6f000 JavaThread "Signal Dispatcher" daemon [_thread_blocked, id=9956, stack(0x0000000055eb0000,0x0000000055fb0000)]
  0x0000000054d4c000 JavaThread "Finalizer" daemon [_thread_blocked, id=11684, stack(0x0000000055c70000,0x0000000055d70000)]
  0x0000000054d03000 JavaThread "Reference Handler" daemon [_thread_blocked, id=12088, stack(0x0000000012000000,0x0000000012100000)]
  0x0000000001ddf000 JavaThread "main" [_thread_in_Java, id=11508, stack(0x0000000001ee0000,0x0000000001fe0000)]

Other Threads:
  0x0000000054cfb800 VMThread [stack: 0x0000000011e00000,0x0000000011f00000] [id=11360]
  0x00000000563c2000 WatcherThread [stack: 0x00000000568c0000,0x00000000569c0000] [id=11656]

VM state:not at safepoint (normal execution)

VM Mutex/Monitor currently owned by a thread: None

Heap:
 PSYoungGen      total 18944K, used 5799K [0x00000000eb100000, 0x00000000ec600000, 0x0000000100000000)
  eden space 16384K, 19% used [0x00000000eb100000,0x00000000eb42b5e8,0x00000000ec100000)
  from space 2560K, 99% used [0x00000000ec100000,0x00000000ec37e6f0,0x00000000ec380000)
  to   space 2560K, 0% used [0x00000000ec380000,0x00000000ec380000,0x00000000ec600000)
 ParOldGen       total 44032K, used 1259K [0x00000000c1200000, 0x00000000c3d00000, 0x00000000eb100000)
  object space 44032K, 2% used [0x00000000c1200000,0x00000000c133aca0,0x00000000c3d00000)
 Metaspace       used 13593K, capacity 13882K, committed 14208K, reserved 1060864K
  class space    used 1777K, capacity 1871K, committed 1920K, reserved 1048576K

Card table byte_map: [0x0000000011670000,0x0000000011870000] byte_map_base: 0x0000000011067000

Marking Bits: (ParMarkBitMap*) 0x00000000688dc720
 Begin Bits: [0x0000000012200000, 0x00000000131b8000)
 End Bits:   [0x00000000131b8000, 0x0000000014170000)

Polling page: 0x0000000000100000

CodeCache: size=245760Kb used=3481Kb max_used=3481Kb free=242278Kb
 bounds [0x00000000022b0000, 0x0000000002620000, 0x00000000112b0000]
 total_blobs=1361 nmethods=991 adapters=284
 compilation: enabled

Compilation events (10 events):
Event: 2.958 Thread 0x00000000563a5800 nmethod 980 0x0000000002611950 code [0x0000000002611b80, 0x0000000002612808]
Event: 2.970 Thread 0x0000000054d65800  981       4       java.io.WinNTFileSystem::normalize (143 bytes)
Event: 2.976 Thread 0x00000000563a5800  982       1       java.lang.Class$MethodArray::length (5 bytes)
Event: 2.976 Thread 0x00000000563a5800 nmethod 982 0x000000000260b990 code [0x000000000260bae0, 0x000000000260bbf0]
Event: 2.976 Thread 0x00000000563a5800  983       3       java.lang.reflect.Method::equals (69 bytes)
Event: 2.977 Thread 0x00000000563a5800 nmethod 983 0x0000000002610210 code [0x00000000026103a0, 0x0000000002610ce8]
Event: 2.977 Thread 0x00000000563a5800  984       1       java.lang.reflect.Method::getRoot (5 bytes)
Event: 2.977 Thread 0x00000000563a5800 nmethod 984 0x000000000260ff50 code [0x00000000026100a0, 0x00000000026101b0]
Event: 3.000 Thread 0x00000000563a5800  985       3       java.lang.reflect.Constructor::getParameterTypes (11 bytes)
Event: 3.001 Thread 0x00000000563a5800 nmethod 985 0x0000000002612dd0 code [0x0000000002612f40, 0x0000000002613248]

GC Heap History (6 events):
Event: 1.675 GC heap before
{Heap before GC invocations=1 (full 0):
 PSYoungGen      total 18944K, used 16361K [0x00000000eb100000, 0x00000000ec600000, 0x0000000100000000)
  eden space 16384K, 99% used [0x00000000eb100000,0x00000000ec0fa630,0x00000000ec100000)
  from space 2560K, 0% used [0x00000000ec380000,0x00000000ec380000,0x00000000ec600000)
  to   space 2560K, 0% used [0x00000000ec100000,0x00000000ec100000,0x00000000ec380000)
 ParOldGen       total 44032K, used 0K [0x00000000c1200000, 0x00000000c3d00000, 0x00000000eb100000)
  object space 44032K, 0% used [0x00000000c1200000,0x00000000c1200000,0x00000000c3d00000)
 Metaspace       used 5841K, capacity 6566K, committed 6656K, reserved 1056768K
  class space    used 668K, capacity 766K, committed 768K, reserved 1048576K
Event: 1.677 GC heap after
Heap after GC invocations=1 (full 0):
 PSYoungGen      total 18944K, used 1115K [0x00000000eb100000, 0x00000000ec600000, 0x0000000100000000)
  eden space 16384K, 0% used [0x00000000eb100000,0x00000000eb100000,0x00000000ec100000)
  from space 2560K, 43% used [0x00000000ec100000,0x00000000ec216dd8,0x00000000ec380000)
  to   space 2560K, 0% used [0x00000000ec380000,0x00000000ec380000,0x00000000ec600000)
 ParOldGen       total 44032K, used 8K [0x00000000c1200000, 0x00000000c3d00000, 0x00000000eb100000)
  object space 44032K, 0% used [0x00000000c1200000,0x00000000c1202000,0x00000000c3d00000)
 Metaspace       used 5841K, capacity 6566K, committed 6656K, reserved 1056768K
  class space    used 668K, capacity 766K, committed 768K, reserved 1048576K
}
Event: 1.688 GC heap before
{Heap before GC invocations=2 (full 0):
 PSYoungGen      total 18944K, used 17450K [0x00000000eb100000, 0x00000000ec600000, 0x0000000100000000)
  eden space 16384K, 99% used [0x00000000eb100000,0x00000000ec0f3dc8,0x00000000ec100000)
  from space 2560K, 43% used [0x00000000ec100000,0x00000000ec216dd8,0x00000000ec380000)
  to   space 2560K, 0% used [0x00000000ec380000,0x00000000ec380000,0x00000000ec600000)
 ParOldGen       total 44032K, used 8K [0x00000000c1200000, 0x00000000c3d00000, 0x00000000eb100000)
  object space 44032K, 0% used [0x00000000c1200000,0x00000000c1202000,0x00000000c3d00000)
 Metaspace       used 5846K, capacity 6566K, committed 6656K, reserved 1056768K
  class space    used 668K, capacity 766K, committed 768K, reserved 1048576K
Event: 1.690 GC heap after
Heap after GC invocations=2 (full 0):
 PSYoungGen      total 18944K, used 1060K [0x00000000eb100000, 0x00000000ec600000, 0x0000000100000000)
  eden space 16384K, 0% used [0x00000000eb100000,0x00000000eb100000,0x00000000ec100000)
  from space 2560K, 41% used [0x00000000ec380000,0x00000000ec489270,0x00000000ec600000)
  to   space 2560K, 0% used [0x00000000ec100000,0x00000000ec100000,0x00000000ec380000)
 ParOldGen       total 44032K, used 16K [0x00000000c1200000, 0x00000000c3d00000, 0x00000000eb100000)
  object space 44032K, 0% used [0x00000000c1200000,0x00000000c1204000,0x00000000c3d00000)
 Metaspace       used 5846K, capacity 6566K, committed 6656K, reserved 1056768K
  class space    used 668K, capacity 766K, committed 768K, reserved 1048576K
}
Event: 2.771 GC heap before
{Heap before GC invocations=3 (full 0):
 PSYoungGen      total 18944K, used 17444K [0x00000000eb100000, 0x00000000ec600000, 0x0000000100000000)
  eden space 16384K, 100% used [0x00000000eb100000,0x00000000ec100000,0x00000000ec100000)
  from space 2560K, 41% used [0x00000000ec380000,0x00000000ec489270,0x00000000ec600000)
  to   space 2560K, 0% used [0x00000000ec100000,0x00000000ec100000,0x00000000ec380000)
 ParOldGen       total 44032K, used 16K [0x00000000c1200000, 0x00000000c3d00000, 0x00000000eb100000)
  object space 44032K, 0% used [0x00000000c1200000,0x00000000c1204000,0x00000000c3d00000)
 Metaspace       used 11500K, capacity 11830K, committed 12160K, reserved 1060864K
  class space    used 1469K, capacity 1577K, committed 1664K, reserved 1048576K
Event: 2.778 GC heap after
Heap after GC invocations=3 (full 0):
 PSYoungGen      total 18944K, used 2553K [0x00000000eb100000, 0x00000000ec600000, 0x0000000100000000)
  eden space 16384K, 0% used [0x00000000eb100000,0x00000000eb100000,0x00000000ec100000)
  from space 2560K, 99% used [0x00000000ec100000,0x00000000ec37e6f0,0x00000000ec380000)
  to   space 2560K, 0% used [0x00000000ec380000,0x00000000ec380000,0x00000000ec600000)
 ParOldGen       total 44032K, used 1259K [0x00000000c1200000, 0x00000000c3d00000, 0x00000000eb100000)
  object space 44032K, 2% used [0x00000000c1200000,0x00000000c133aca0,0x00000000c3d00000)
 Metaspace       used 11500K, capacity 11830K, committed 12160K, reserved 1060864K
  class space    used 1469K, capacity 1577K, committed 1664K, reserved 1048576K
}

Deoptimization events (10 events):
Event: 1.838 Thread 0x0000000001ddf000 Uncommon trap: reason=unstable_if action=reinterpret pc=0x000000000245fb98 method=java.lang.String.indexOf([CII[CIII)I @ 3
Event: 2.432 Thread 0x0000000001ddf000 Uncommon trap: reason=class_check action=maybe_recompile pc=0x000000000252c734 method=java.util.regex.Pattern$BmpCharProperty.match(Ljava/util/regex/Matcher;ILjava/lang/CharSequence;)Z @ 31
Event: 2.432 Thread 0x0000000001ddf000 Uncommon trap: reason=class_check action=maybe_recompile pc=0x000000000252c734 method=java.util.regex.Pattern$BmpCharProperty.match(Ljava/util/regex/Matcher;ILjava/lang/CharSequence;)Z @ 31
Event: 2.432 Thread 0x0000000001ddf000 Uncommon trap: reason=class_check action=maybe_recompile pc=0x000000000252c734 method=java.util.regex.Pattern$BmpCharProperty.match(Ljava/util/regex/Matcher;ILjava/lang/CharSequence;)Z @ 31
Event: 2.432 Thread 0x0000000001ddf000 Uncommon trap: reason=class_check action=maybe_recompile pc=0x000000000252c734 method=java.util.regex.Pattern$BmpCharProperty.match(Ljava/util/regex/Matcher;ILjava/lang/CharSequence;)Z @ 31
Event: 2.554 Thread 0x0000000001ddf000 Uncommon trap: reason=unstable_if action=reinterpret pc=0x00000000024e9670 method=java.lang.String.indexOf([CII[CIII)I @ 134
Event: 2.635 Thread 0x0000000001ddf000 Uncommon trap: reason=unstable_if action=reinterpret pc=0x000000000257decc method=java.util.HashMap.getNode(ILjava/lang/Object;)Ljava/util/HashMap$Node; @ 129
Event: 2.662 Thread 0x0000000001ddf000 Uncommon trap: reason=unstable_if action=reinterpret pc=0x000000000257aa24 method=java.util.HashMap.getNode(ILjava/lang/Object;)Ljava/util/HashMap$Node; @ 129
Event: 2.671 Thread 0x0000000001ddf000 Uncommon trap: reason=range_check action=make_not_entrant pc=0x00000000025994d0 method=sun.reflect.generics.parser.SignatureParser.current()C @ 34
Event: 2.812 Thread 0x0000000001ddf000 Uncommon trap: reason=unstable_if action=reinterpret pc=0x0000000002538638 method=java.lang.AbstractStringBuilder.append(Ljava/lang/String;)Ljava/lang/AbstractStringBuilder; @ 1

Internal exceptions (10 events):
Event: 2.579 Thread 0x0000000001ddf000 Exception <a 'java/lang/NullPointerException'> (0x00000000ebe6d148) thrown at [C:\re\workspace\8-2-build-windows-amd64-cygwin\jdk8u131\8869\hotspot\src\share\vm\interpreter\linkResolver.cpp, line 1299]
Event: 2.653 Thread 0x0000000001ddf000 Exception <a 'java/lang/ArrayIndexOutOfBoundsException'> (0x00000000ebf1b060) thrown at [C:\re\workspace\8-2-build-windows-amd64-cygwin\jdk8u131\8869\hotspot\src\share\vm\runtime\sharedRuntime.cpp, line 605]
Event: 2.654 Thread 0x0000000001ddf000 Exception <a 'java/lang/ArrayIndexOutOfBoundsException'> (0x00000000ebf1c338) thrown at [C:\re\workspace\8-2-build-windows-amd64-cygwin\jdk8u131\8869\hotspot\src\share\vm\runtime\sharedRuntime.cpp, line 605]
Event: 2.654 Thread 0x0000000001ddf000 Exception <a 'java/lang/ArrayIndexOutOfBoundsException'> (0x00000000ebf1da48) thrown at [C:\re\workspace\8-2-build-windows-amd64-cygwin\jdk8u131\8869\hotspot\src\share\vm\runtime\sharedRuntime.cpp, line 605]
Event: 2.671 Thread 0x0000000001ddf000 Exception <a 'java/lang/ArrayIndexOutOfBoundsException': 79> (0x00000000ebf6f610) thrown at [C:\re\workspace\8-2-build-windows-amd64-cygwin\jdk8u131\8869\hotspot\src\share\vm\interpreter\interpreterRuntime.cpp, line 366]
Event: 2.671 Thread 0x0000000001ddf000 Exception <a 'java/lang/ArrayIndexOutOfBoundsException': 38> (0x00000000ebf705c0) thrown at [C:\re\workspace\8-2-build-windows-amd64-cygwin\jdk8u131\8869\hotspot\src\share\vm\interpreter\interpreterRuntime.cpp, line 366]
Event: 2.671 Thread 0x0000000001ddf000 Exception <a 'java/lang/ArrayIndexOutOfBoundsException': 81> (0x00000000ebf71790) thrown at [C:\re\workspace\8-2-build-windows-amd64-cygwin\jdk8u131\8869\hotspot\src\share\vm\interpreter\interpreterRuntime.cpp, line 366]
Event: 2.671 Thread 0x0000000001ddf000 Exception <a 'java/lang/ArrayIndexOutOfBoundsException': 78> (0x00000000ebf72950) thrown at [C:\re\workspace\8-2-build-windows-amd64-cygwin\jdk8u131\8869\hotspot\src\share\vm\interpreter\interpreterRuntime.cpp, line 366]
Event: 2.671 Thread 0x0000000001ddf000 Exception <a 'java/lang/ArrayIndexOutOfBoundsException': 83> (0x00000000ebf73b08) thrown at [C:\re\workspace\8-2-build-windows-amd64-cygwin\jdk8u131\8869\hotspot\src\share\vm\interpreter\interpreterRuntime.cpp, line 366]
Event: 2.812 Thread 0x0000000001ddf000 Implicit null exception at 0x0000000002538286 to 0x000000000253861d

Events (10 events):
Event: 3.004 loading class org/hibernate/boot/internal/MetadataBuilderImpl$MetadataBuildingOptionsImpl$2
Event: 3.004 loading class org/hibernate/boot/internal/MetadataBuilderImpl$MetadataBuildingOptionsImpl$2 done
Event: 3.006 loading class org/hibernate/cache/internal/NoCachingRegionFactory
Event: 3.006 loading class org/hibernate/cache/internal/NoCachingRegionFactory done
Event: 3.007 loading class org/hibernate/cache/NoCacheRegionFactoryAvailableException
Event: 3.007 loading class org/hibernate/cache/NoCacheRegionFactoryAvailableException done
Event: 3.009 loading class org/hibernate/cache/CacheException
Event: 3.009 loading class org/hibernate/cache/CacheException done
Event: 3.011 loading class org/hibernate/cache/internal/StrategyCreatorRegionFactoryImpl
Event: 3.011 loading class org/hibernate/cache/internal/StrategyCreatorRegionFactoryImpl done


Dynamic libraries:
0x000000013f9f0000 - 0x000000013fa27000 	C:\Program Files\Java\jre1.8.0_131\bin\javaw.exe
0x0000000077600000 - 0x00000000777aa000 	C:\Windows\SYSTEM32\ntdll.dll
0x00000000773e0000 - 0x00000000774ff000 	C:\Windows\system32\kernel32.dll
0x000007fefd5f0000 - 0x000007fefd65a000 	C:\Windows\system32\KERNELBASE.dll
0x000007fefd890000 - 0x000007fefd96b000 	C:\Windows\system32\ADVAPI32.dll
0x000007feff7f0000 - 0x000007feff88f000 	C:\Windows\system32\msvcrt.dll
0x000007feff1e0000 - 0x000007feff1ff000 	C:\Windows\SYSTEM32\sechost.dll
0x000007fefdc40000 - 0x000007fefdd6d000 	C:\Windows\system32\RPCRT4.dll
0x0000000077500000 - 0x00000000775fa000 	C:\Windows\system32\USER32.dll
0x000007feff660000 - 0x000007feff6c7000 	C:\Windows\system32\GDI32.dll
0x000007feff4a0000 - 0x000007feff4ae000 	C:\Windows\system32\LPK.dll
0x000007feff590000 - 0x000007feff65a000 	C:\Windows\system32\USP10.dll
0x000007fefbc50000 - 0x000007fefbe44000 	C:\Windows\WinSxS\amd64_microsoft.windows.common-controls_6595b64144ccf1df_6.0.7601.18837_none_fa3b1e3d17594757\COMCTL32.dll
0x000007feff3c0000 - 0x000007feff431000 	C:\Windows\system32\SHLWAPI.dll
0x000007feff890000 - 0x000007feff8be000 	C:\Windows\system32\IMM32.DLL
0x000007feff6e0000 - 0x000007feff7e9000 	C:\Windows\system32\MSCTF.dll
0x0000000068960000 - 0x0000000068a32000 	C:\Program Files\Java\jre1.8.0_131\bin\msvcr100.dll
0x00000000680c0000 - 0x000000006895c000 	C:\Program Files\Java\jre1.8.0_131\bin\server\jvm.dll
0x000007fef0310000 - 0x000007fef0319000 	C:\Windows\system32\WSOCK32.dll
0x000007feff8c0000 - 0x000007feff90d000 	C:\Windows\system32\WS2_32.dll
0x000007feff6d0000 - 0x000007feff6d8000 	C:\Windows\system32\NSI.dll
0x000007fef6250000 - 0x000007fef628b000 	C:\Windows\system32\WINMM.dll
0x000007fefbb80000 - 0x000007fefbb8c000 	C:\Windows\system32\VERSION.dll
0x00000000777c0000 - 0x00000000777c7000 	C:\Windows\system32\PSAPI.DLL
0x000000006b730000 - 0x000000006b73f000 	C:\Program Files\Java\jre1.8.0_131\bin\verify.dll
0x000000006b160000 - 0x000000006b189000 	C:\Program Files\Java\jre1.8.0_131\bin\java.dll
0x0000000068b00000 - 0x0000000068b16000 	C:\Program Files\Java\jre1.8.0_131\bin\zip.dll
0x000007fefe430000 - 0x000007feff1bc000 	C:\Windows\system32\SHELL32.dll
0x000007fefdf00000 - 0x000007fefe0fc000 	C:\Windows\system32\ole32.dll
0x000007fefd2f0000 - 0x000007fefd2ff000 	C:\Windows\system32\profapi.dll
0x000007fee8340000 - 0x000007fee842f000 	C:\Program Files\Java\jre1.8.0_131\bin\msvcr120.dll
0x000007fee8290000 - 0x000007fee8336000 	C:\Program Files\Java\jre1.8.0_131\bin\msvcp120.dll
0x0000000068a90000 - 0x0000000068ab2000 	C:\Program Files\Java\jre1.8.0_131\bin\prism_d3d.dll
0x000007fef20a0000 - 0x000007fef229f000 	C:\Windows\system32\d3d9.dll
0x000007fef3d20000 - 0x000007fef3d27000 	C:\Windows\system32\d3d8thk.dll
0x000007fefb2f0000 - 0x000007fefb308000 	C:\Windows\system32\dwmapi.dll
0x000007fefb6d0000 - 0x000007fefb726000 	C:\Windows\system32\uxtheme.dll
0x000007fef9750000 - 0x000007fef985e000 	C:\Windows\system32\aticfx64.dll
0x000007fefc020000 - 0x000007fefc02f000 	C:\Windows\system32\atiu9p64.dll
0x000007fee4a50000 - 0x000007fee517d000 	C:\Windows\system32\atiumd64.dll
0x00000000657b0000 - 0x0000000065bce000 	C:\Windows\system32\atiumd6a.dll
0x0000000068a40000 - 0x0000000068a83000 	C:\Program Files\Java\jre1.8.0_131\bin\glass.dll
0x000007feff200000 - 0x000007feff297000 	C:\Windows\system32\COMDLG32.dll
0x000007feff4b0000 - 0x000007feff58a000 	C:\Windows\system32\OLEAUT32.dll
0x000007fefd190000 - 0x000007fefd19f000 	C:\Windows\system32\CRYPTBASE.dll

VM Arguments:
jvm_args: -Dfile.encoding=Cp1250 
java_command: sbd.adam.demo.Main
java_class_path (initial): C:\Program Files\Java\jre1.8.0_131\lib\resources.jar;C:\Program Files\Java\jre1.8.0_131\lib\rt.jar;C:\Program Files\Java\jre1.8.0_131\lib\jsse.jar;C:\Program Files\Java\jre1.8.0_131\lib\jce.jar;C:\Program Files\Java\jre1.8.0_131\lib\charsets.jar;C:\Program Files\Java\jre1.8.0_131\lib\jfr.jar;C:\Program Files\Java\jre1.8.0_131\lib\ext\access-bridge-64.jar;C:\Program Files\Java\jre1.8.0_131\lib\ext\cldrdata.jar;C:\Program Files\Java\jre1.8.0_131\lib\ext\dnsns.jar;C:\Program Files\Java\jre1.8.0_131\lib\ext\jaccess.jar;C:\Program Files\Java\jre1.8.0_131\lib\ext\jfxrt.jar;C:\Program Files\Java\jre1.8.0_131\lib\ext\localedata.jar;C:\Program Files\Java\jre1.8.0_131\lib\ext\nashorn.jar;C:\Program Files\Java\jre1.8.0_131\lib\ext\sunec.jar;C:\Program Files\Java\jre1.8.0_131\lib\ext\sunjce_provider.jar;C:\Program Files\Java\jre1.8.0_131\lib\ext\sunmscapi.jar;C:\Program Files\Java\jre1.8.0_131\lib\ext\sunpkcs11.jar;C:\Program Files\Java\jre1.8.0_131\lib\ext\zipfs.jar;C:\Users\dell\eclipse-workspace1\sbd\bin;C:\Users\dell\eclipse-workspace1\sbd\lib\antlr-2.7.7.jar;C:\Users\dell\eclipse-workspace1\sbd\lib\classmate-1.3.0.jar;C:\Users\dell\eclipse-workspace1\sbd\lib\dom4j-1.6.1.jar;C:\Users\dell\eclipse-workspace1\sbd\lib\hibernate-commons-annotations-5.0.1.Final.jar;C:\Users\dell\eclipse-workspace1\sbd\lib\hibernate-core-5.2.12.Final.jar;C:\Users\dell\eclipse-workspace1\sbd\lib\hibernate-jpa-2.1-api-1.0.0.Final.jar;C:\Users\dell\eclipse-workspace1\sbd\lib\jandex-2.0.3.Final.jar;C:\Users\dell\eclipse-workspace1\sbd\lib\javassist-3.20.0-GA.jar;C:\Users\dell\eclipse-workspace1\sbd\lib\jboss-logging-3.3.0.Final.jar;C:\Users\dell\eclipse-workspace1\sbd\lib\jboss-transaction-api_1.2_spec-1.0.1.Final.jar;C:\Users\dell\eclipse-workspace1\sbd\lib\mysql-connector-java-5.1.45-bin.jar
Launcher Type: SUN_STANDARD

Environment Variables:
PATH=C:/Program Files/Java/jre1.8.0_161/bin/server;C:/Program Files/Java/jre1.8.0_161/bin;C:/Program Files/Java/jre1.8.0_161/lib/amd64;C:\Program Files (x86)\AMD APP\bin\x86_64;C:\Program Files (x86)\AMD APP\bin\x86;C:\ProgramData\Oracle\Java\javapath;C:\Program Files\Common Files\Microsoft Shared\Windows Live;C:\Program Files (x86)\Common Files\Microsoft Shared\Windows Live;C:\Windows\system32;C:\Windows;C:\Windows\System32\Wbem;C:\Windows\System32\WindowsPowerShell\v1.0\;c:\Program Files (x86)\ATI Technologies\ATI.ACE\Core-Static;c:\Program Files\WIDCOMM\Bluetooth Software\;c:\Program Files\WIDCOMM\Bluetooth Software\syswow64;C:\Program Files\Dell\DW WLAN Card;C:\Program Files (x86)\Windows Live\Shared;C:\Program Files (x86)\Common Files\Roxio Shared\DLLShared\;C:\Program Files (x86)\Common Files\Roxio Shared\OEM\DLLShared\;C:\Program Files (x86)\Common Files\Roxio Shared\OEM\DLLShared\;C:\Program Files (x86)\Common Files\Roxio Shared\OEM\12.0\DLLShared\;C:\Program Files (x86)\Roxio\OEM\AudioCore\;C:\Program Files (x86)\Skype\Phone\;C:\Windows\system32\config\systemprofile\.dnx\bin;C:\Program Files\Microsoft DNX\Dnvm\;C:\Program Files\Microsoft SQL Server\130\Tools\Binn\;C:\Program Files\Microsoft SQL Server\110\Tools\Binn\;C:\Program Files\PuTTY\;C:\Program Files (x86)\Windows Kits\8.1\Windows Performance Toolkit\;C:\TDM-GCC-32\bin;C:\Program Files\MySQL\MySQL Utilities 1.6\;C:\Users\dell\Anaconda3;C:\Users\dell\Anaconda3\Scripts;C:\Users\dell\Anaconda3\Library\bin;C:\Users\dell\Desktop;
USERNAME=dell
OS=Windows_NT
PROCESSOR_IDENTIFIER=Intel64 Family 6 Model 37 Stepping 5, GenuineIntel



---------------  S Y S T E M  ---------------

OS: Windows 7 , 64 bit Build 7601 (6.1.7601.23796)

CPU:total 4 (initial active 4) (2 cores per cpu, 2 threads per core) family 6 model 37 stepping 5, cmov, cx8, fxsr, mmx, sse, sse2, sse3, ssse3, sse4.1, sse4.2, popcnt, ht, tsc, tscinvbit

Memory: 4k page, physical 4117032k(1108740k free), swap 16466268k(2840k free)

vm_info: Java HotSpot(TM) 64-Bit Server VM (25.131-b11) for windows-amd64 JRE (1.8.0_131-b11), built on Mar 15 2017 01:23:53 by "java_re" with MS VC++ 10.0 (VS2010)

time: Fri Jan 19 21:07:13 2018
elapsed time: 3 seconds (0d 0h 0m 3s)

